-- start_ignore
-- end_ignore
set session role=usertest47;
SET
explain select * from a;
                                  QUERY PLAN                                   
-------------------------------------------------------------------------------
 Gather Motion 1:1  (slice1; segments: 1)  (cost=0.00..10.63 rows=963 width=4)
   ->  Append-only Scan on a  (cost=0.00..10.63 rows=963 width=4)
(2 rows)

